<?xml version="1.0" encoding="UTF-8"?>
<coverage generated="1761341387284" clover="3.2.0">
  <project timestamp="1761341387284" name="All files">
    <metrics statements="3965" coveredstatements="1765" conditionals="4365" coveredconditionals="1557" methods="521" coveredmethods="249" elements="8851" coveredelements="3571" complexity="0" loc="3965" ncloc="3965" packages="20" files="46" classes="46"/>
    <package name="app.api.chat">
      <metrics statements="235" coveredstatements="51" conditionals="224" coveredconditionals="38" methods="32" coveredmethods="7"/>
      <file name="route.ts" path="/app/app/api/chat/route.ts">
        <metrics statements="235" coveredstatements="51" conditionals="224" coveredconditionals="38" methods="32" coveredmethods="7"/>
        <line num="18" count="2" type="stmt"/>
        <line num="20" count="4" type="stmt"/>
        <line num="21" count="4" type="stmt"/>
        <line num="22" count="4" type="cond" truecount="3" falsecount="1"/>
        <line num="23" count="4" type="cond" truecount="1" falsecount="1"/>
        <line num="28" count="0" type="stmt"/>
        <line num="29" count="0" type="stmt"/>
        <line num="43" count="0" type="stmt"/>
        <line num="48" count="0" type="stmt"/>
        <line num="49" count="0" type="stmt"/>
        <line num="76" count="0" type="cond" truecount="0" falsecount="2"/>
        <line num="78" count="0" type="stmt"/>
        <line num="83" count="0" type="stmt"/>
        <line num="84" count="0" type="stmt"/>
        <line num="96" count="0" type="stmt"/>
        <line num="99" count="2" type="stmt"/>
        <line num="102" count="0" type="cond" truecount="0" falsecount="2"/>
        <line num="103" count="0" type="stmt"/>
        <line num="107" count="0" type="cond" truecount="0" falsecount="4"/>
        <line num="108" count="0" type="stmt"/>
        <line num="111" count="0" type="cond" truecount="0" falsecount="4"/>
        <line num="112" count="0" type="cond" truecount="0" falsecount="4"/>
        <line num="113" count="0" type="cond" truecount="0" falsecount="2"/>
        <line num="114" count="0" type="cond" truecount="0" falsecount="2"/>
        <line num="115" count="0" type="cond" truecount="0" falsecount="2"/>
        <line num="116" count="0" type="cond" truecount="0" falsecount="2"/>
        <line num="117" count="0" type="cond" truecount="0" falsecount="2"/>
        <line num="118" count="0" type="stmt"/>
        <line num="119" count="0" type="cond" truecount="0" falsecount="2"/>
        <line num="121" count="0" type="stmt"/>
        <line num="135" count="0" type="cond" truecount="0" falsecount="2"/>
        <line num="136" count="0" type="cond" truecount="0" falsecount="2"/>
        <line num="137" count="0" type="cond" truecount="0" falsecount="2"/>
        <line num="138" count="0" type="stmt"/>
        <line num="143" count="0" type="stmt"/>
        <line num="144" count="0" type="stmt"/>
        <line num="160" count="0" type="stmt"/>
        <line num="165" count="0" type="stmt"/>
        <line num="166" count="0" type="cond" truecount="0" falsecount="2"/>
        <line num="167" count="0" type="stmt"/>
        <line num="174" count="0" type="cond" truecount="0" falsecount="4"/>
        <line num="175" count="0" type="stmt"/>
        <line num="179" count="0" type="cond" truecount="0" falsecount="4"/>
        <line num="180" count="0" type="stmt"/>
        <line num="184" count="0" type="cond" truecount="0" falsecount="4"/>
        <line num="185" count="0" type="stmt"/>
        <line num="189" count="0" type="cond" truecount="0" falsecount="4"/>
        <line num="190" count="0" type="stmt"/>
        <line num="194" count="0" type="cond" truecount="0" falsecount="4"/>
        <line num="195" count="0" type="stmt"/>
        <line num="199" count="0" type="cond" truecount="0" falsecount="2"/>
        <line num="203" count="0" type="stmt"/>
        <line num="205" count="0" type="stmt"/>
        <line num="206" count="0" type="cond" truecount="0" falsecount="2"/>
        <line num="208" count="0" type="stmt"/>
        <line num="215" count="0" type="stmt"/>
        <line num="216" count="0" type="stmt"/>
        <line num="221" count="0" type="stmt"/>
        <line num="226" count="4" type="cond" truecount="2" falsecount="2"/>
        <line num="227" count="0" type="stmt"/>
        <line num="228" count="0" type="stmt"/>
        <line num="229" count="0" type="cond" truecount="0" falsecount="2"/>
        <line num="230" count="0" type="stmt"/>
        <line num="231" count="0" type="stmt"/>
        <line num="232" count="0" type="cond" truecount="0" falsecount="2"/>
        <line num="234" count="0" type="cond" truecount="0" falsecount="4"/>
        <line num="235" count="0" type="cond" truecount="0" falsecount="4"/>
        <line num="236" count="0" type="stmt"/>
        <line num="237" count="0" type="cond" truecount="0" falsecount="4"/>
        <line num="238" count="0" type="stmt"/>
        <line num="247" count="4" type="cond" truecount="1" falsecount="1"/>
        <line num="248" count="4" type="cond" truecount="1" falsecount="1"/>
        <line num="249" count="4" type="cond" truecount="1" falsecount="1"/>
        <line num="250" count="4" type="stmt"/>
        <line num="253" count="4" type="stmt"/>
        <line num="257" count="0" type="stmt"/>
        <line num="258" count="0" type="cond" truecount="0" falsecount="2"/>
        <line num="259" count="0" type="stmt"/>
        <line num="266" count="0" type="cond" truecount="0" falsecount="2"/>
        <line num="267" count="0" type="cond" truecount="0" falsecount="4"/>
        <line num="269" count="0" type="cond" truecount="0" falsecount="2"/>
        <line num="273" count="0" type="stmt"/>
        <line num="275" count="0" type="stmt"/>
        <line num="276" count="0" type="cond" truecount="0" falsecount="2"/>
        <line num="278" count="0" type="stmt"/>
        <line num="288" count="0" type="stmt"/>
        <line num="294" count="0" type="cond" truecount="0" falsecount="2"/>
        <line num="296" count="0" type="stmt"/>
        <line num="298" count="0" type="cond" truecount="0" falsecount="2"/>
        <line num="299" count="0" type="stmt"/>
        <line num="302" count="0" type="cond" truecount="0" falsecount="2"/>
        <line num="303" count="0" type="cond" truecount="0" falsecount="2"/>
        <line num="304" count="0" type="stmt"/>
        <line num="307" count="2" type="stmt"/>
        <line num="311" count="4" type="stmt"/>
        <line num="312" count="4" type="cond" truecount="1" falsecount="0"/>
        <line num="313" count="4" type="cond" truecount="1" falsecount="1"/>
        <line num="315" count="4" type="stmt"/>
        <line num="316" count="4" type="cond" truecount="1" falsecount="2"/>
        <line num="318" count="4" type="stmt"/>
        <line num="319" count="4" type="stmt"/>
        <line num="321" count="6" type="cond" truecount="1" falsecount="1"/>
        <line num="322" count="4" type="stmt"/>
        <line num="323" count="4" type="stmt"/>
        <line num="325" count="4" type="stmt"/>
        <line num="328" count="4" type="cond" truecount="2" falsecount="0"/>
        <line num="329" count="4" type="cond" truecount="1" falsecount="1"/>
        <line num="330" count="0" type="stmt"/>
        <line num="333" count="4" type="cond" truecount="3" falsecount="1"/>
        <line num="334" count="0" type="stmt"/>
        <line num="335" count="0" type="stmt"/>
        <line num="336" count="0" type="stmt"/>
        <line num="337" count="0" type="stmt"/>
        <line num="338" count="0" type="cond" truecount="0" falsecount="2"/>
        <line num="339" count="0" type="stmt"/>
        <line num="340" count="0" type="cond" truecount="0" falsecount="2"/>
        <line num="341" count="0" type="stmt"/>
        <line num="343" count="0" type="stmt"/>
        <line num="345" count="0" type="stmt"/>
        <line num="347" count="0" type="stmt"/>
        <line num="348" count="0" type="stmt"/>
        <line num="351" count="0" type="stmt"/>
        <line num="355" count="4" type="cond" truecount="2" falsecount="0"/>
        <line num="358" count="4" type="stmt"/>
        <line num="359" count="4" type="cond" truecount="1" falsecount="1"/>
        <line num="360" count="0" type="stmt"/>
        <line num="364" count="4" type="stmt"/>
        <line num="367" count="4" type="stmt"/>
        <line num="369" count="4" type="stmt"/>
        <line num="372" count="4" type="cond" truecount="5" falsecount="1"/>
        <line num="373" count="4" type="stmt"/>
        <line num="374" count="4" type="stmt"/>
        <line num="375" count="4" type="stmt"/>
        <line num="376" count="4" type="cond" truecount="2" falsecount="0"/>
        <line num="379" count="4" type="stmt"/>
        <line num="380" count="4" type="cond" truecount="2" falsecount="0"/>
        <line num="382" count="4" type="stmt"/>
        <line num="384" count="4" type="stmt"/>
        <line num="385" count="4" type="stmt"/>
        <line num="388" count="4" type="stmt"/>
        <line num="392" count="0" type="cond" truecount="0" falsecount="4"/>
        <line num="393" count="0" type="stmt"/>
        <line num="394" count="0" type="stmt"/>
        <line num="395" count="0" type="stmt"/>
        <line num="399" count="0" type="stmt"/>
        <line num="400" count="0" type="stmt"/>
        <line num="407" count="0" type="stmt"/>
        <line num="410" count="0" type="stmt"/>
        <line num="411" count="0" type="stmt"/>
        <line num="412" count="0" type="stmt"/>
        <line num="414" count="0" type="stmt"/>
        <line num="415" count="0" type="stmt"/>
        <line num="416" count="0" type="stmt"/>
        <line num="418" count="0" type="stmt"/>
        <line num="421" count="0" type="stmt"/>
        <line num="425" count="0" type="stmt"/>
        <line num="428" count="0" type="stmt"/>
        <line num="439" count="0" type="cond" truecount="0" falsecount="2"/>
        <line num="440" count="0" type="stmt"/>
        <line num="446" count="0" type="stmt"/>
        <line num="467" count="0" type="cond" truecount="0" falsecount="2"/>
        <line num="468" count="0" type="stmt"/>
        <line num="477" count="0" type="cond" truecount="0" falsecount="2"/>
        <line num="478" count="0" type="stmt"/>
        <line num="484" count="0" type="stmt"/>
        <line num="490" count="0" type="cond" truecount="0" falsecount="4"/>
        <line num="491" count="0" type="stmt"/>
        <line num="498" count="0" type="cond" truecount="0" falsecount="5"/>
        <line num="499" count="0" type="stmt"/>
        <line num="500" count="0" type="stmt"/>
        <line num="504" count="0" type="stmt"/>
        <line num="505" count="0" type="cond" truecount="0" falsecount="5"/>
        <line num="511" count="0" type="cond" truecount="0" falsecount="2"/>
        <line num="512" count="0" type="cond" truecount="0" falsecount="2"/>
        <line num="513" count="0" type="stmt"/>
        <line num="514" count="0" type="stmt"/>
        <line num="515" count="0" type="cond" truecount="0" falsecount="3"/>
        <line num="516" count="0" type="cond" truecount="0" falsecount="2"/>
        <line num="518" count="0" type="cond" truecount="0" falsecount="2"/>
        <line num="519" count="0" type="stmt"/>
        <line num="532" count="0" type="cond" truecount="0" falsecount="2"/>
        <line num="533" count="0" type="stmt"/>
        <line num="540" count="0" type="cond" truecount="0" falsecount="2"/>
        <line num="541" count="0" type="stmt"/>
        <line num="547" count="0" type="stmt"/>
        <line num="552" count="0" type="stmt"/>
        <line num="554" count="0" type="cond" truecount="0" falsecount="2"/>
        <line num="555" count="0" type="stmt"/>
        <line num="573" count="0" type="cond" truecount="0" falsecount="2"/>
        <line num="574" count="0" type="stmt"/>
        <line num="586" count="0" type="cond" truecount="0" falsecount="2"/>
        <line num="587" count="0" type="stmt"/>
        <line num="601" count="0" type="stmt"/>
        <line num="613" count="0" type="stmt"/>
        <line num="634" count="0" type="cond" truecount="0" falsecount="2"/>
        <line num="635" count="0" type="stmt"/>
        <line num="636" count="0" type="cond" truecount="0" falsecount="2"/>
        <line num="637" count="0" type="stmt"/>
        <line num="644" count="0" type="cond" truecount="0" falsecount="2"/>
        <line num="645" count="0" type="stmt"/>
        <line num="646" count="0" type="stmt"/>
        <line num="654" count="0" type="stmt"/>
        <line num="655" count="0" type="cond" truecount="0" falsecount="2"/>
        <line num="656" count="4" type="stmt"/>
        <line num="663" count="4" type="stmt"/>
        <line num="665" count="4" type="stmt"/>
        <line num="708" count="4" type="stmt"/>
        <line num="709" count="4" type="cond" truecount="2" falsecount="2"/>
        <line num="710" count="0" type="stmt"/>
        <line num="711" count="0" type="cond" truecount="0" falsecount="2"/>
        <line num="712" count="0" type="stmt"/>
        <line num="716" count="0" type="cond" truecount="0" falsecount="2"/>
        <line num="717" count="4" type="cond" truecount="1" falsecount="1"/>
        <line num="718" count="4" type="cond" truecount="2" falsecount="2"/>
        <line num="719" count="0" type="stmt"/>
        <line num="722" count="0" type="stmt"/>
        <line num="723" count="0" type="stmt"/>
        <line num="725" count="0" type="stmt"/>
        <line num="726" count="0" type="stmt"/>
        <line num="728" count="0" type="stmt"/>
        <line num="730" count="0" type="stmt"/>
        <line num="731" count="0" type="stmt"/>
        <line num="732" count="0" type="stmt"/>
        <line num="736" count="0" type="stmt"/>
        <line num="738" count="0" type="stmt"/>
        <line num="739" count="0" type="stmt"/>
        <line num="740" count="0" type="cond" truecount="0" falsecount="2"/>
        <line num="741" count="0" type="stmt"/>
        <line num="745" count="0" type="stmt"/>
        <line num="746" count="0" type="stmt"/>
        <line num="748" count="0" type="stmt"/>
        <line num="753" count="0" type="stmt"/>
        <line num="762" count="0" type="stmt"/>
        <line num="763" count="0" type="stmt"/>
        <line num="767" count="0" type="stmt"/>
      </file>
    </package>
    <package name="app.api.raven">
      <metrics statements="154" coveredstatements="57" conditionals="168" coveredconditionals="45" methods="13" coveredmethods="3"/>
      <file name="route.ts" path="/app/app/api/raven/route.ts">
        <metrics statements="154" coveredstatements="57" conditionals="168" coveredconditionals="45" methods="13" coveredmethods="3"/>
        <line num="18" count="3" type="stmt"/>
        <line num="29" count="3" type="cond" truecount="1" falsecount="1"/>
        <line num="30" count="3" type="stmt"/>
        <line num="34" count="3" type="stmt"/>
        <line num="35" count="3" type="stmt"/>
        <line num="36" count="3" type="stmt"/>
        <line num="39" count="0" type="cond" truecount="0" falsecount="2"/>
        <line num="40" count="0" type="stmt"/>
        <line num="44" count="0" type="cond" truecount="0" falsecount="4"/>
        <line num="45" count="0" type="stmt"/>
        <line num="48" count="0" type="cond" truecount="0" falsecount="4"/>
        <line num="49" count="0" type="cond" truecount="0" falsecount="4"/>
        <line num="50" count="0" type="cond" truecount="0" falsecount="2"/>
        <line num="51" count="0" type="cond" truecount="0" falsecount="2"/>
        <line num="52" count="0" type="cond" truecount="0" falsecount="2"/>
        <line num="53" count="0" type="cond" truecount="0" falsecount="2"/>
        <line num="54" count="0" type="cond" truecount="0" falsecount="2"/>
        <line num="55" count="0" type="stmt"/>
        <line num="56" count="0" type="cond" truecount="0" falsecount="2"/>
        <line num="58" count="0" type="stmt"/>
        <line num="71" count="0" type="cond" truecount="0" falsecount="4"/>
        <line num="72" count="0" type="stmt"/>
        <line num="73" count="0" type="stmt"/>
        <line num="75" count="0" type="cond" truecount="0" falsecount="2"/>
        <line num="76" count="0" type="stmt"/>
        <line num="82" count="0" type="stmt"/>
        <line num="84" count="0" type="stmt"/>
        <line num="86" count="0" type="stmt"/>
        <line num="87" count="0" type="stmt"/>
        <line num="88" count="0" type="cond" truecount="0" falsecount="4"/>
        <line num="89" count="0" type="stmt"/>
        <line num="92" count="0" type="stmt"/>
        <line num="93" count="0" type="cond" truecount="0" falsecount="2"/>
        <line num="96" count="3" type="stmt"/>
        <line num="99" count="4" type="stmt"/>
        <line num="100" count="4" type="cond" truecount="2" falsecount="0"/>
        <line num="101" count="4" type="cond" truecount="1" falsecount="1"/>
        <line num="102" count="4" type="cond" truecount="3" falsecount="1"/>
        <line num="103" count="4" type="stmt"/>
        <line num="104" count="4" type="cond" truecount="1" falsecount="1"/>
        <line num="105" count="4" type="cond" truecount="1" falsecount="1"/>
        <line num="106" count="4" type="stmt"/>
        <line num="107" count="4" type="cond" truecount="1" falsecount="1"/>
        <line num="108" count="4" type="cond" truecount="1" falsecount="1"/>
        <line num="110" count="4" type="cond" truecount="1" falsecount="1"/>
        <line num="111" count="0" type="stmt"/>
        <line num="112" count="0" type="stmt"/>
        <line num="113" count="0" type="cond" truecount="0" falsecount="2"/>
        <line num="114" count="0" type="stmt"/>
        <line num="115" count="0" type="stmt"/>
        <line num="116" count="0" type="stmt"/>
        <line num="119" count="4" type="cond" truecount="1" falsecount="1"/>
        <line num="120" count="0" type="stmt"/>
        <line num="122" count="0" type="stmt"/>
        <line num="126" count="4" type="stmt"/>
        <line num="127" count="4" type="stmt"/>
        <line num="128" count="4" type="cond" truecount="2" falsecount="0"/>
        <line num="129" count="1" type="stmt"/>
        <line num="130" count="1" type="stmt"/>
        <line num="134" count="1" type="stmt"/>
        <line num="135" count="1" type="stmt"/>
        <line num="145" count="3" type="cond" truecount="1" falsecount="1"/>
        <line num="146" count="0" type="stmt"/>
        <line num="147" count="0" type="stmt"/>
        <line num="148" count="0" type="stmt"/>
        <line num="149" count="0" type="stmt"/>
        <line num="151" count="0" type="cond" truecount="0" falsecount="2"/>
        <line num="152" count="0" type="stmt"/>
        <line num="153" count="0" type="stmt"/>
        <line num="156" count="3" type="cond" truecount="1" falsecount="1"/>
        <line num="158" count="0" type="stmt"/>
        <line num="159" count="0" type="cond" truecount="0" falsecount="2"/>
        <line num="160" count="0" type="stmt"/>
        <line num="162" count="0" type="stmt"/>
        <line num="163" count="0" type="stmt"/>
        <line num="164" count="0" type="cond" truecount="0" falsecount="2"/>
        <line num="165" count="0" type="stmt"/>
        <line num="166" count="0" type="cond" truecount="0" falsecount="2"/>
        <line num="170" count="3" type="cond" truecount="1" falsecount="1"/>
        <line num="171" count="4" type="stmt"/>
        <line num="173" count="0" type="cond" truecount="0" falsecount="4"/>
        <line num="174" count="0" type="cond" truecount="0" falsecount="2"/>
        <line num="175" count="0" type="cond" truecount="0" falsecount="2"/>
        <line num="176" count="0" type="cond" truecount="0" falsecount="4"/>
        <line num="177" count="0" type="stmt"/>
        <line num="178" count="0" type="cond" truecount="0" falsecount="2"/>
        <line num="179" count="0" type="cond" truecount="0" falsecount="2"/>
        <line num="180" count="0" type="stmt"/>
        <line num="182" count="0" type="stmt"/>
        <line num="185" count="4" type="cond" truecount="3" falsecount="0"/>
        <line num="189" count="4" type="stmt"/>
        <line num="197" count="4" type="cond" truecount="3" falsecount="1"/>
        <line num="201" count="4" type="stmt"/>
        <line num="202" count="4" type="stmt"/>
        <line num="204" count="4" type="cond" truecount="6" falsecount="1"/>
        <line num="205" count="3" type="cond" truecount="2" falsecount="0"/>
        <line num="206" count="1" type="stmt"/>
        <line num="207" count="1" type="stmt"/>
        <line num="208" count="1" type="stmt"/>
        <line num="215" count="1" type="stmt"/>
        <line num="217" count="2" type="cond" truecount="1" falsecount="1"/>
        <line num="218" count="2" type="stmt"/>
        <line num="219" count="2" type="stmt"/>
        <line num="220" count="2" type="stmt"/>
        <line num="227" count="2" type="stmt"/>
        <line num="231" count="0" type="stmt"/>
        <line num="232" count="0" type="stmt"/>
        <line num="233" count="0" type="cond" truecount="0" falsecount="2"/>
        <line num="235" count="4" type="stmt"/>
        <line num="243" count="4" type="cond" truecount="1" falsecount="1"/>
        <line num="244" count="0" type="stmt"/>
        <line num="247" count="0" type="stmt"/>
        <line num="250" count="0" type="cond" truecount="0" falsecount="2"/>
        <line num="251" count="0" type="stmt"/>
        <line num="253" count="0" type="cond" truecount="0" falsecount="2"/>
        <line num="254" count="0" type="stmt"/>
        <line num="256" count="0" type="stmt"/>
        <line num="257" count="0" type="cond" truecount="0" falsecount="2"/>
        <line num="259" count="4" type="stmt"/>
        <line num="261" count="4" type="stmt"/>
        <line num="262" count="4" type="stmt"/>
        <line num="266" count="0" type="cond" truecount="0" falsecount="2"/>
        <line num="267" count="4" type="cond" truecount="1" falsecount="1"/>
        <line num="268" count="0" type="stmt"/>
        <line num="271" count="0" type="stmt"/>
        <line num="272" count="0" type="stmt"/>
        <line num="273" count="0" type="stmt"/>
        <line num="274" count="0" type="cond" truecount="0" falsecount="2"/>
        <line num="275" count="0" type="stmt"/>
        <line num="277" count="0" type="cond" truecount="0" falsecount="2"/>
        <line num="279" count="4" type="stmt"/>
        <line num="283" count="4" type="stmt"/>
        <line num="285" count="4" type="stmt"/>
        <line num="286" count="4" type="cond" truecount="1" falsecount="2"/>
        <line num="287" count="4" type="cond" truecount="1" falsecount="1"/>
        <line num="288" count="0" type="cond" truecount="0" falsecount="2"/>
        <line num="289" count="0" type="stmt"/>
        <line num="290" count="0" type="stmt"/>
        <line num="293" count="0" type="cond" truecount="0" falsecount="2"/>
        <line num="296" count="0" type="stmt"/>
        <line num="297" count="0" type="stmt"/>
        <line num="306" count="0" type="stmt"/>
        <line num="309" count="0" type="cond" truecount="0" falsecount="2"/>
        <line num="311" count="0" type="stmt"/>
        <line num="313" count="0" type="stmt"/>
        <line num="315" count="0" type="stmt"/>
        <line num="319" count="0" type="stmt"/>
        <line num="320" count="0" type="stmt"/>
        <line num="322" count="0" type="stmt"/>
        <line num="324" count="0" type="stmt"/>
        <line num="327" count="0" type="stmt"/>
        <line num="330" count="0" type="cond" truecount="0" falsecount="2"/>
        <line num="331" count="0" type="cond" truecount="0" falsecount="4"/>
        <line num="333" count="0" type="stmt"/>
      </file>
    </package>
    <package name="app.math-brain.hooks">
      <metrics statements="797" coveredstatements="143" conditionals="886" coveredconditionals="137" methods="80" coveredmethods="21"/>
      <file name="useChartExport.ts" path="/app/app/math-brain/hooks/useChartExport.ts">
        <metrics statements="797" coveredstatements="143" conditionals="886" coveredconditionals="137" methods="80" coveredmethods="21"/>
        <line num="7" count="1" type="cond" truecount="1" falsecount="0"/>
        <line num="8" count="12" type="stmt"/>
        <line num="9" count="12" type="stmt"/>
        <line num="11" count="12" type="stmt"/>
        <line num="14" count="1" type="stmt"/>
        <line num="19" count="12" type="cond" truecount="3" falsecount="1"/>
        <line num="23" count="1" type="stmt"/>
        <line num="25" count="0" type="stmt"/>
        <line num="30" count="1" type="stmt"/>
        <line num="104" count="0" type="stmt"/>
        <line num="107" count="0" type="cond" truecount="0" falsecount="4"/>
        <line num="108" count="0" type="stmt"/>
        <line num="112" count="0" type="cond" truecount="0" falsecount="5"/>
        <line num="113" count="0" type="stmt"/>
        <line num="117" count="0" type="cond" truecount="0" falsecount="4"/>
        <line num="118" count="0" type="stmt"/>
        <line num="121" count="0" type="cond" truecount="0" falsecount="5"/>
        <line num="122" count="0" type="stmt"/>
        <line num="125" count="0" type="stmt"/>
        <line num="140" count="0" type="stmt"/>
        <line num="142" count="0" type="stmt"/>
        <line num="143" count="0" type="stmt"/>
        <line num="144" count="0" type="stmt"/>
        <line num="145" count="0" type="stmt"/>
        <line num="146" count="0" type="stmt"/>
        <line num="148" count="0" type="stmt"/>
        <line num="150" count="0" type="cond" truecount="0" falsecount="2"/>
        <line num="151" count="0" type="stmt"/>
        <line num="152" count="0" type="stmt"/>
        <line num="153" count="0" type="cond" truecount="0" falsecount="4"/>
        <line num="154" count="0" type="stmt"/>
        <line num="155" count="0" type="stmt"/>
        <line num="156" count="0" type="stmt"/>
        <line num="169" count="0" type="stmt"/>
        <line num="170" count="0" type="cond" truecount="0" falsecount="2"/>
        <line num="171" count="0" type="stmt"/>
        <line num="172" count="0" type="stmt"/>
        <line num="175" count="0" type="cond" truecount="0" falsecount="2"/>
        <line num="176" count="0" type="stmt"/>
        <line num="178" count="0" type="stmt"/>
        <line num="179" count="0" type="stmt"/>
        <line num="180" count="0" type="stmt"/>
        <line num="183" count="0" type="stmt"/>
        <line num="184" count="0" type="cond" truecount="0" falsecount="2"/>
        <line num="185" count="0" type="stmt"/>
        <line num="186" count="0" type="stmt"/>
        <line num="192" count="0" type="cond" truecount="0" falsecount="2"/>
        <line num="193" count="0" type="stmt"/>
        <line num="194" count="0" type="stmt"/>
        <line num="197" count="0" type="stmt"/>
        <line num="198" count="0" type="stmt"/>
        <line num="200" count="0" type="stmt"/>
        <line num="201" count="0" type="stmt"/>
        <line num="202" count="0" type="cond" truecount="0" falsecount="2"/>
        <line num="203" count="0" type="stmt"/>
        <line num="204" count="0" type="stmt"/>
        <line num="205" count="0" type="stmt"/>
        <line num="206" count="0" type="stmt"/>
        <line num="207" count="0" type="stmt"/>
        <line num="210" count="0" type="cond" truecount="0" falsecount="2"/>
        <line num="212" count="0" type="stmt"/>
        <line num="213" count="0" type="stmt"/>
        <line num="215" count="0" type="cond" truecount="0" falsecount="2"/>
        <line num="216" count="0" type="stmt"/>
        <line num="217" count="0" type="stmt"/>
        <line num="227" count="0" type="stmt"/>
        <line num="233" count="0" type="cond" truecount="0" falsecount="3"/>
        <line num="240" count="0" type="cond" truecount="0" falsecount="4"/>
        <line num="241" count="0" type="stmt"/>
        <line num="261" count="0" type="stmt"/>
        <line num="264" count="0" type="stmt"/>
        <line num="267" count="0" type="stmt"/>
        <line num="270" count="0" type="stmt"/>
        <line num="271" count="0" type="stmt"/>
        <line num="273" count="0" type="stmt"/>
        <line num="285" count="0" type="stmt"/>
        <line num="287" count="0" type="stmt"/>
        <line num="323" count="0" type="stmt"/>
        <line num="329" count="0" type="stmt"/>
        <line num="331" count="0" type="cond" truecount="0" falsecount="2"/>
        <line num="333" count="0" type="cond" truecount="0" falsecount="3"/>
        <line num="337" count="0" type="cond" truecount="0" falsecount="4"/>
        <line num="338" count="0" type="stmt"/>
        <line num="343" count="0" type="cond" truecount="0" falsecount="2"/>
        <line num="344" count="0" type="stmt"/>
        <line num="345" count="0" type="stmt"/>
        <line num="347" count="0" type="cond" truecount="0" falsecount="2"/>
        <line num="348" count="0" type="stmt"/>
        <line num="350" count="0" type="cond" truecount="0" falsecount="2"/>
        <line num="351" count="0" type="stmt"/>
        <line num="353" count="0" type="cond" truecount="0" falsecount="2"/>
        <line num="354" count="0" type="stmt"/>
        <line num="357" count="0" type="cond" truecount="0" falsecount="2"/>
        <line num="358" count="0" type="stmt"/>
        <line num="367" count="0" type="cond" truecount="0" falsecount="2"/>
        <line num="368" count="0" type="cond" truecount="0" falsecount="2"/>
        <line num="369" count="0" type="stmt"/>
        <line num="373" count="0" type="stmt"/>
        <line num="380" count="0" type="cond" truecount="0" falsecount="4"/>
        <line num="381" count="0" type="stmt"/>
        <line num="385" count="0" type="stmt"/>
        <line num="393" count="0" type="cond" truecount="0" falsecount="2"/>
        <line num="394" count="0" type="stmt"/>
        <line num="395" count="0" type="cond" truecount="0" falsecount="2"/>
        <line num="397" count="0" type="cond" truecount="0" falsecount="4"/>
        <line num="398" count="0" type="stmt"/>
        <line num="399" count="0" type="cond" truecount="0" falsecount="2"/>
        <line num="400" count="0" type="stmt"/>
        <line num="408" count="0" type="cond" truecount="0" falsecount="4"/>
        <line num="409" count="0" type="stmt"/>
        <line num="410" count="0" type="cond" truecount="0" falsecount="2"/>
        <line num="411" count="0" type="stmt"/>
        <line num="419" count="0" type="cond" truecount="0" falsecount="4"/>
        <line num="420" count="0" type="stmt"/>
        <line num="421" count="0" type="cond" truecount="0" falsecount="2"/>
        <line num="422" count="0" type="stmt"/>
        <line num="430" count="0" type="cond" truecount="0" falsecount="2"/>
        <line num="434" count="0" type="stmt"/>
        <line num="437" count="0" type="cond" truecount="0" falsecount="2"/>
        <line num="438" count="0" type="stmt"/>
        <line num="446" count="0" type="cond" truecount="0" falsecount="2"/>
        <line num="450" count="0" type="stmt"/>
        <line num="451" count="0" type="cond" truecount="0" falsecount="2"/>
        <line num="452" count="0" type="stmt"/>
        <line num="460" count="0" type="cond" truecount="0" falsecount="2"/>
        <line num="461" count="0" type="stmt"/>
        <line num="462" count="0" type="cond" truecount="0" falsecount="2"/>
        <line num="463" count="0" type="stmt"/>
        <line num="471" count="0" type="cond" truecount="0" falsecount="4"/>
        <line num="472" count="0" type="stmt"/>
        <line num="473" count="0" type="stmt"/>
        <line num="475" count="0" type="cond" truecount="0" falsecount="2"/>
        <line num="477" count="0" type="cond" truecount="0" falsecount="2"/>
        <line num="480" count="0" type="cond" truecount="0" falsecount="3"/>
        <line num="483" count="0" type="cond" truecount="0" falsecount="2"/>
        <line num="486" count="0" type="cond" truecount="0" falsecount="2"/>
        <line num="490" count="0" type="cond" truecount="0" falsecount="2"/>
        <line num="491" count="0" type="cond" truecount="0" falsecount="2"/>
        <line num="492" count="0" type="stmt"/>
        <line num="495" count="0" type="stmt"/>
        <line num="496" count="0" type="stmt"/>
        <line num="501" count="0" type="stmt"/>
        <line num="502" count="0" type="stmt"/>
        <line num="503" count="0" type="stmt"/>
        <line num="506" count="0" type="cond" truecount="0" falsecount="2"/>
        <line num="507" count="0" type="stmt"/>
        <line num="516" count="0" type="cond" truecount="0" falsecount="2"/>
        <line num="517" count="0" type="stmt"/>
        <line num="518" count="0" type="cond" truecount="0" falsecount="2"/>
        <line num="519" count="0" type="stmt"/>
        <line num="527" count="0" type="cond" truecount="0" falsecount="2"/>
        <line num="528" count="0" type="stmt"/>
        <line num="534" count="0" type="stmt"/>
        <line num="541" count="0" type="stmt"/>
        <line num="670" count="0" type="stmt"/>
        <line num="671" count="0" type="stmt"/>
        <line num="672" count="0" type="stmt"/>
        <line num="677" count="0" type="stmt"/>
        <line num="679" count="0" type="stmt"/>
        <line num="680" count="0" type="stmt"/>
        <line num="681" count="0" type="stmt"/>
        <line num="682" count="0" type="stmt"/>
        <line num="683" count="0" type="stmt"/>
        <line num="684" count="0" type="stmt"/>
        <line num="686" count="0" type="stmt"/>
        <line num="687" count="0" type="stmt"/>
        <line num="689" count="0" type="stmt"/>
        <line num="690" count="0" type="stmt"/>
        <line num="691" count="0" type="stmt"/>
        <line num="694" count="0" type="stmt"/>
        <line num="695" count="0" type="cond" truecount="0" falsecount="2"/>
        <line num="696" count="0" type="stmt"/>
        <line num="700" count="0" type="stmt"/>
        <line num="704" count="0" type="cond" truecount="0" falsecount="2"/>
        <line num="705" count="0" type="stmt"/>
        <line num="707" count="0" type="cond" truecount="0" falsecount="2"/>
        <line num="708" count="0" type="stmt"/>
        <line num="711" count="0" type="cond" truecount="0" falsecount="2"/>
        <line num="712" count="0" type="stmt"/>
        <line num="713" count="0" type="stmt"/>
        <line num="720" count="0" type="stmt"/>
        <line num="723" count="0" type="stmt"/>
        <line num="724" count="0" type="cond" truecount="0" falsecount="2"/>
        <line num="725" count="0" type="stmt"/>
        <line num="726" count="0" type="stmt"/>
        <line num="727" count="0" type="stmt"/>
        <line num="734" count="0" type="stmt"/>
        <line num="736" count="0" type="stmt"/>
        <line num="740" count="0" type="stmt"/>
        <line num="741" count="0" type="stmt"/>
        <line num="742" count="0" type="stmt"/>
        <line num="743" count="0" type="stmt"/>
        <line num="745" count="0" type="stmt"/>
        <line num="747" count="0" type="stmt"/>
        <line num="748" count="0" type="cond" truecount="0" falsecount="2"/>
        <line num="749" count="0" type="cond" truecount="0" falsecount="2"/>
        <line num="750" count="0" type="cond" truecount="0" falsecount="2"/>
        <line num="751" count="0" type="stmt"/>
        <line num="753" count="0" type="stmt"/>
        <line num="755" count="0" type="stmt"/>
        <line num="759" count="0" type="cond" truecount="0" falsecount="2"/>
        <line num="760" count="0" type="stmt"/>
        <line num="763" count="0" type="stmt"/>
        <line num="766" count="0" type="stmt"/>
        <line num="767" count="0" type="stmt"/>
        <line num="768" count="0" type="stmt"/>
        <line num="769" count="0" type="stmt"/>
        <line num="770" count="0" type="stmt"/>
        <line num="771" count="0" type="stmt"/>
        <line num="773" count="0" type="stmt"/>
        <line num="774" count="0" type="stmt"/>
        <line num="782" count="0" type="stmt"/>
        <line num="784" count="0" type="stmt"/>
        <line num="785" count="0" type="stmt"/>
        <line num="786" count="0" type="stmt"/>
        <line num="787" count="0" type="stmt"/>
        <line num="788" count="0" type="stmt"/>
        <line num="789" count="0" type="stmt"/>
        <line num="790" count="0" type="stmt"/>
        <line num="791" count="0" type="stmt"/>
        <line num="792" count="0" type="stmt"/>
        <line num="793" count="0" type="stmt"/>
        <line num="797" count="0" type="stmt"/>
        <line num="798" count="0" type="stmt"/>
        <line num="805" count="0" type="stmt"/>
        <line num="806" count="0" type="cond" truecount="0" falsecount="2"/>
        <line num="807" count="0" type="stmt"/>
        <line num="808" count="0" type="stmt"/>
        <line num="810" count="0" type="stmt"/>
        <line num="813" count="0" type="stmt"/>
        <line num="814" count="0" type="stmt"/>
        <line num="816" count="0" type="stmt"/>
        <line num="817" count="0" type="stmt"/>
        <line num="829" count="0" type="stmt"/>
        <line num="830" count="0" type="cond" truecount="0" falsecount="2"/>
        <line num="831" count="0" type="stmt"/>
        <line num="832" count="0" type="stmt"/>
        <line num="835" count="0" type="stmt"/>
        <line num="836" count="0" type="cond" truecount="0" falsecount="2"/>
        <line num="837" count="0" type="stmt"/>
        <line num="839" count="0" type="stmt"/>
        <line num="840" count="0" type="stmt"/>
        <line num="843" count="0" type="stmt"/>
        <line num="844" count="0" type="cond" truecount="0" falsecount="2"/>
        <line num="845" count="0" type="stmt"/>
        <line num="846" count="0" type="stmt"/>
        <line num="849" count="0" type="stmt"/>
        <line num="850" count="0" type="stmt"/>
        <line num="851" count="0" type="stmt"/>
        <line num="852" count="0" type="stmt"/>
        <line num="853" count="0" type="cond" truecount="0" falsecount="2"/>
        <line num="854" count="0" type="cond" truecount="0" falsecount="2"/>
        <line num="856" count="0" type="stmt"/>
        <line num="859" count="0" type="cond" truecount="0" falsecount="2"/>
        <line num="860" count="0" type="stmt"/>
        <line num="861" count="0" type="stmt"/>
        <line num="862" count="0" type="stmt"/>
        <line num="863" count="0" type="stmt"/>
        <line num="864" count="0" type="stmt"/>
        <line num="865" count="0" type="stmt"/>
        <line num="866" count="0" type="stmt"/>
        <line num="869" count="0" type="cond" truecount="0" falsecount="2"/>
        <line num="870" count="0" type="stmt"/>
        <line num="871" count="0" type="stmt"/>
        <line num="872" count="0" type="stmt"/>
        <line num="873" count="0" type="stmt"/>
        <line num="874" count="0" type="cond" truecount="0" falsecount="10"/>
        <line num="875" count="0" type="cond" truecount="0" falsecount="3"/>
        <line num="876" count="0" type="cond" truecount="0" falsecount="4"/>
        <line num="877" count="0" type="cond" truecount="0" falsecount="2"/>
        <line num="878" count="0" type="cond" truecount="0" falsecount="2"/>
        <line num="879" count="0" type="cond" truecount="0" falsecount="2"/>
        <line num="880" count="0" type="stmt"/>
        <line num="882" count="0" type="stmt"/>
        <line num="886" count="0" type="stmt"/>
        <line num="887" count="0" type="stmt"/>
        <line num="888" count="0" type="stmt"/>
        <line num="889" count="0" type="stmt"/>
        <line num="890" count="0" type="stmt"/>
        <line num="891" count="0" type="stmt"/>
        <line num="892" count="0" type="stmt"/>
        <line num="894" count="0" type="stmt"/>
        <line num="895" count="0" type="cond" truecount="0" falsecount="2"/>
        <line num="896" count="0" type="stmt"/>
        <line num="897" count="0" type="cond" truecount="0" falsecount="2"/>
        <line num="898" count="0" type="stmt"/>
        <line num="902" count="0" type="cond" truecount="0" falsecount="4"/>
        <line num="903" count="0" type="cond" truecount="0" falsecount="2"/>
        <line num="904" count="0" type="stmt"/>
        <line num="908" count="0" type="cond" truecount="0" falsecount="2"/>
        <line num="909" count="0" type="stmt"/>
        <line num="913" count="0" type="stmt"/>
        <line num="917" count="0" type="cond" truecount="0" falsecount="2"/>
        <line num="1091" count="0" type="cond" truecount="0" falsecount="2"/>
        <line num="1094" count="0" type="stmt"/>
        <line num="1097" count="0" type="cond" truecount="0" falsecount="2"/>
        <line num="1098" count="0" type="cond" truecount="0" falsecount="2"/>
        <line num="1101" count="0" type="stmt"/>
        <line num="1102" count="0" type="stmt"/>
        <line num="1105" count="0" type="cond" truecount="0" falsecount="2"/>
        <line num="1106" count="0" type="cond" truecount="0" falsecount="2"/>
        <line num="1109" count="0" type="stmt"/>
        <line num="1110" count="0" type="stmt"/>
        <line num="1114" count="0" type="cond" truecount="0" falsecount="2"/>
        <line num="1115" count="0" type="stmt"/>
        <line num="1116" count="0" type="stmt"/>
        <line num="1117" count="0" type="stmt"/>
        <line num="1118" count="0" type="stmt"/>
        <line num="1119" count="0" type="stmt"/>
        <line num="1120" count="0" type="stmt"/>
        <line num="1121" count="0" type="stmt"/>
        <line num="1122" count="0" type="stmt"/>
        <line num="1124" count="0" type="stmt"/>
        <line num="1125" count="0" type="stmt"/>
        <line num="1127" count="0" type="stmt"/>
        <line num="1128" count="0" type="stmt"/>
        <line num="1130" count="0" type="stmt"/>
        <line num="1131" count="0" type="stmt"/>
        <line num="1133" count="0" type="stmt"/>
        <line num="1134" count="0" type="stmt"/>
        <line num="1136" count="0" type="stmt"/>
        <line num="1137" count="0" type="stmt"/>
        <line num="1138" count="0" type="stmt"/>
        <line num="1140" count="0" type="stmt"/>
        <line num="1141" count="0" type="stmt"/>
        <line num="1142" count="0" type="stmt"/>
        <line num="1143" count="0" type="stmt"/>
        <line num="1144" count="0" type="cond" truecount="0" falsecount="2"/>
        <line num="1145" count="0" type="cond" truecount="0" falsecount="2"/>
        <line num="1146" count="0" type="cond" truecount="0" falsecount="2"/>
        <line num="1147" count="0" type="cond" truecount="0" falsecount="3"/>
        <line num="1148" count="0" type="cond" truecount="0" falsecount="2"/>
        <line num="1149" count="0" type="cond" truecount="0" falsecount="2"/>
        <line num="1150" count="0" type="stmt"/>
        <line num="1152" count="0" type="cond" truecount="0" falsecount="2"/>
        <line num="1153" count="0" type="cond" truecount="0" falsecount="2"/>
        <line num="1154" count="0" type="cond" truecount="0" falsecount="4"/>
        <line num="1155" count="0" type="stmt"/>
        <line num="1157" count="0" type="cond" truecount="0" falsecount="3"/>
        <line num="1159" count="0" type="stmt"/>
        <line num="1161" count="0" type="stmt"/>
        <line num="1162" count="0" type="stmt"/>
        <line num="1163" count="0" type="stmt"/>
        <line num="1166" count="0" type="stmt"/>
        <line num="1167" count="0" type="stmt"/>
        <line num="1168" count="0" type="stmt"/>
        <line num="1169" count="0" type="stmt"/>
        <line num="1170" count="0" type="stmt"/>
        <line num="1171" count="0" type="stmt"/>
        <line num="1173" count="0" type="cond" truecount="0" falsecount="2"/>
        <line num="1174" count="0" type="stmt"/>
        <line num="1175" count="0" type="stmt"/>
        <line num="1176" count="0" type="stmt"/>
        <line num="1177" count="0" type="stmt"/>
        <line num="1179" count="0" type="stmt"/>
        <line num="1184" count="0" type="stmt"/>
        <line num="1185" count="0" type="stmt"/>
        <line num="1187" count="0" type="stmt"/>
        <line num="1188" count="0" type="stmt"/>
        <line num="1189" count="0" type="stmt"/>
        <line num="1190" count="0" type="stmt"/>
        <line num="1191" count="0" type="stmt"/>
        <line num="1192" count="0" type="stmt"/>
        <line num="1193" count="0" type="stmt"/>
        <line num="1194" count="0" type="stmt"/>
        <line num="1195" count="0" type="stmt"/>
        <line num="1198" count="0" type="stmt"/>
        <line num="1199" count="0" type="cond" truecount="0" falsecount="2"/>
        <line num="1200" count="0" type="stmt"/>
        <line num="1201" count="0" type="stmt"/>
        <line num="1203" count="0" type="stmt"/>
        <line num="1206" count="0" type="stmt"/>
        <line num="1207" count="0" type="stmt"/>
        <line num="1209" count="0" type="stmt"/>
        <line num="1210" count="0" type="stmt"/>
        <line num="1214" count="0" type="stmt"/>
        <line num="1215" count="0" type="cond" truecount="0" falsecount="2"/>
        <line num="1216" count="0" type="stmt"/>
        <line num="1218" count="0" type="stmt"/>
        <line num="1219" count="0" type="stmt"/>
        <line num="1220" count="0" type="stmt"/>
        <line num="1221" count="0" type="stmt"/>
        <line num="1224" count="0" type="stmt"/>
        <line num="1225" count="0" type="stmt"/>
        <line num="1226" count="0" type="stmt"/>
        <line num="1227" count="0" type="stmt"/>
        <line num="1228" count="0" type="stmt"/>
        <line num="1229" count="0" type="stmt"/>
        <line num="1230" count="0" type="stmt"/>
        <line num="1231" count="0" type="stmt"/>
        <line num="1232" count="0" type="stmt"/>
        <line num="1236" count="0" type="stmt"/>
        <line num="1240" count="0" type="stmt"/>
        <line num="1241" count="0" type="cond" truecount="0" falsecount="2"/>
        <line num="1242" count="0" type="stmt"/>
        <line num="1243" count="0" type="stmt"/>
        <line num="1244" count="0" type="stmt"/>
        <line num="1245" count="0" type="stmt"/>
        <line num="1246" count="0" type="stmt"/>
        <line num="1247" count="0" type="stmt"/>
        <line num="1248" count="0" type="stmt"/>
        <line num="1249" count="0" type="stmt"/>
        <line num="1250" count="0" type="stmt"/>
        <line num="1251" count="0" type="stmt"/>
        <line num="1252" count="0" type="stmt"/>
        <line num="1253" count="0" type="stmt"/>
        <line num="1257" count="0" type="stmt"/>
        <line num="1261" count="0" type="stmt"/>
        <line num="1262" count="0" type="cond" truecount="0" falsecount="2"/>
        <line num="1263" count="0" type="stmt"/>
        <line num="1265" count="0" type="stmt"/>
        <line num="1266" count="0" type="stmt"/>
        <line num="1272" count="0" type="cond" truecount="0" falsecount="4"/>
        <line num="1273" count="0" type="stmt"/>
        <line num="1276" count="0" type="cond" truecount="0" falsecount="4"/>
        <line num="1277" count="0" type="cond" truecount="0" falsecount="2"/>
        <line num="1278" count="0" type="stmt"/>
        <line num="1279" count="0" type="cond" truecount="0" falsecount="2"/>
        <line num="1281" count="0" type="cond" truecount="0" falsecount="4"/>
        <line num="1282" count="0" type="cond" truecount="0" falsecount="4"/>
        <line num="1283" count="0" type="cond" truecount="0" falsecount="4"/>
        <line num="1284" count="0" type="cond" truecount="0" falsecount="4"/>
        <line num="1285" count="0" type="cond" truecount="0" falsecount="4"/>
        <line num="1287" count="0" type="stmt"/>
        <line num="1293" count="0" type="stmt"/>
        <line num="1298" count="0" type="cond" truecount="0" falsecount="2"/>
        <line num="1299" count="0" type="cond" truecount="0" falsecount="2"/>
        <line num="1301" count="0" type="stmt"/>
        <line num="1305" count="0" type="cond" truecount="0" falsecount="2"/>
        <line num="1308" count="0" type="cond" truecount="0" falsecount="2"/>
        <line num="1309" count="0" type="cond" truecount="0" falsecount="3"/>
        <line num="1310" count="0" type="cond" truecount="0" falsecount="2"/>
        <line num="1312" count="0" type="stmt"/>
        <line num="1340" count="0" type="cond" truecount="0" falsecount="2"/>
        <line num="1341" count="0" type="stmt"/>
        <line num="1342" count="0" type="cond" truecount="0" falsecount="2"/>
        <line num="1343" count="0" type="cond" truecount="0" falsecount="2"/>
        <line num="1344" count="0" type="stmt"/>
        <line num="1348" count="0" type="stmt"/>
        <line num="1349" count="0" type="cond" truecount="0" falsecount="2"/>
        <line num="1350" count="0" type="stmt"/>
        <line num="1351" count="0" type="stmt"/>
        <line num="1356" count="0" type="stmt"/>
        <line num="1359" count="0" type="stmt"/>
        <line num="1360" count="0" type="cond" truecount="0" falsecount="2"/>
        <line num="1361" count="0" type="cond" truecount="0" falsecount="2"/>
        <line num="1362" count="0" type="stmt"/>
        <line num="1363" count="0" type="stmt"/>
        <line num="1367" count="0" type="stmt"/>
        <line num="1368" count="0" type="cond" truecount="0" falsecount="4"/>
        <line num="1370" count="0" type="stmt"/>
        <line num="1371" count="0" type="cond" truecount="0" falsecount="2"/>
        <line num="1372" count="0" type="cond" truecount="0" falsecount="2"/>
        <line num="1374" count="0" type="cond" truecount="0" falsecount="2"/>
        <line num="1375" count="0" type="stmt"/>
        <line num="1379" count="0" type="stmt"/>
        <line num="1392" count="0" type="stmt"/>
        <line num="1393" count="0" type="cond" truecount="0" falsecount="4"/>
        <line num="1394" count="0" type="stmt"/>
        <line num="1395" count="0" type="stmt"/>
        <line num="1398" count="0" type="stmt"/>
        <line num="1399" count="0" type="cond" truecount="0" falsecount="2"/>
        <line num="1401" count="0" type="cond" truecount="0" falsecount="2"/>
        <line num="1402" count="0" type="stmt"/>
        <line num="1403" count="0" type="stmt"/>
        <line num="1408" count="0" type="stmt"/>
        <line num="1410" count="0" type="stmt"/>
        <line num="1411" count="0" type="cond" truecount="0" falsecount="2"/>
        <line num="1412" count="0" type="cond" truecount="0" falsecount="2"/>
        <line num="1415" count="0" type="stmt"/>
        <line num="1416" count="0" type="cond" truecount="0" falsecount="2"/>
        <line num="1417" count="0" type="stmt"/>
        <line num="1419" count="0" type="stmt"/>
        <line num="1422" count="0" type="stmt"/>
        <line num="1423" count="0" type="cond" truecount="0" falsecount="6"/>
        <line num="1424" count="0" type="stmt"/>
        <line num="1426" count="0" type="stmt"/>
        <line num="1446" count="0" type="stmt"/>
        <line num="1447" count="0" type="stmt"/>
        <line num="1450" count="0" type="cond" truecount="0" falsecount="2"/>
        <line num="1451" count="0" type="stmt"/>
        <line num="1454" count="0" type="stmt"/>
        <line num="1455" count="0" type="stmt"/>
        <line num="1456" count="0" type="stmt"/>
        <line num="1457" count="0" type="stmt"/>
        <line num="1458" count="0" type="stmt"/>
        <line num="1459" count="0" type="cond" truecount="0" falsecount="2"/>
        <line num="1460" count="0" type="stmt"/>
        <line num="1461" count="0" type="stmt"/>
        <line num="1462" count="0" type="stmt"/>
        <line num="1463" count="0" type="stmt"/>
        <line num="1464" count="0" type="stmt"/>
        <line num="1466" count="0" type="cond" truecount="0" falsecount="2"/>
        <line num="1467" count="0" type="stmt"/>
        <line num="1469" count="0" type="stmt"/>
        <line num="1472" count="0" type="stmt"/>
        <line num="1473" count="0" type="stmt"/>
        <line num="1475" count="0" type="stmt"/>
        <line num="1479" count="0" type="stmt"/>
        <line num="1480" count="0" type="cond" truecount="0" falsecount="2"/>
        <line num="1481" count="0" type="stmt"/>
        <line num="1483" count="0" type="stmt"/>
        <line num="1484" count="0" type="stmt"/>
        <line num="1491" count="0" type="stmt"/>
        <line num="1541" count="0" type="stmt"/>
        <line num="1544" count="0" type="stmt"/>
        <line num="1545" count="0" type="stmt"/>
        <line num="1546" count="0" type="stmt"/>
        <line num="1547" count="0" type="stmt"/>
        <line num="1548" count="0" type="cond" truecount="0" falsecount="2"/>
        <line num="1549" count="0" type="stmt"/>
        <line num="1550" count="0" type="stmt"/>
        <line num="1551" count="0" type="stmt"/>
        <line num="1552" count="0" type="stmt"/>
        <line num="1553" count="0" type="stmt"/>
        <line num="1554" count="0" type="stmt"/>
        <line num="1556" count="0" type="stmt"/>
        <line num="1557" count="0" type="stmt"/>
        <line num="1559" count="0" type="stmt"/>
        <line num="1564" count="0" type="stmt"/>
        <line num="1565" count="0" type="cond" truecount="0" falsecount="2"/>
        <line num="1566" count="0" type="stmt"/>
        <line num="1568" count="0" type="stmt"/>
        <line num="1569" count="0" type="cond" truecount="0" falsecount="2"/>
        <line num="1570" count="0" type="stmt"/>
        <line num="1571" count="0" type="stmt"/>
        <line num="1573" count="0" type="cond" truecount="0" falsecount="4"/>
        <line num="1574" count="0" type="stmt"/>
        <line num="1575" count="0" type="stmt"/>
        <line num="1579" count="0" type="stmt"/>
        <line num="1593" count="0" type="stmt"/>
        <line num="1596" count="0" type="stmt"/>
        <line num="1597" count="0" type="stmt"/>
        <line num="1598" count="0" type="stmt"/>
        <line num="1599" count="0" type="stmt"/>
        <line num="1600" count="0" type="cond" truecount="0" falsecount="2"/>
        <line num="1601" count="0" type="stmt"/>
        <line num="1602" count="0" type="stmt"/>
        <line num="1603" count="0" type="stmt"/>
        <line num="1604" count="0" type="stmt"/>
        <line num="1605" count="0" type="stmt"/>
        <line num="1606" count="0" type="stmt"/>
        <line num="1608" count="0" type="stmt"/>
        <line num="1609" count="0" type="stmt"/>
        <line num="1611" count="0" type="stmt"/>
        <line num="1617" count="0" type="stmt"/>
        <line num="1618" count="0" type="stmt"/>
        <line num="1620" count="0" type="stmt"/>
        <line num="1641" count="2" type="stmt"/>
        <line num="1647" count="14" type="cond" truecount="1" falsecount="1"/>
        <line num="1648" count="14" type="cond" truecount="1" falsecount="1"/>
        <line num="1651" count="0" type="cond" truecount="0" falsecount="4"/>
        <line num="1652" count="0" type="cond" truecount="0" falsecount="2"/>
        <line num="1653" count="0" type="stmt"/>
        <line num="1654" count="0" type="cond" truecount="0" falsecount="2"/>
        <line num="1656" count="0" type="cond" truecount="0" falsecount="4"/>
        <line num="1657" count="0" type="cond" truecount="0" falsecount="4"/>
        <line num="1658" count="0" type="cond" truecount="0" falsecount="4"/>
        <line num="1659" count="0" type="cond" truecount="0" falsecount="4"/>
        <line num="1660" count="0" type="cond" truecount="0" falsecount="4"/>
        <line num="1662" count="0" type="stmt"/>
        <line num="1667" count="2" type="stmt"/>
        <line num="1671" count="12" type="cond" truecount="2" falsecount="0"/>
        <line num="1672" count="8" type="cond" truecount="2" falsecount="0"/>
        <line num="1673" count="4" type="cond" truecount="1" falsecount="1"/>
        <line num="1674" count="0" type="stmt"/>
        <line num="1677" count="2" type="stmt"/>
        <line num="1681" count="6" type="cond" truecount="2" falsecount="0"/>
        <line num="1682" count="2" type="cond" truecount="1" falsecount="1"/>
        <line num="1683" count="2" type="stmt"/>
        <line num="1688" count="0" type="cond" truecount="0" falsecount="4"/>
        <line num="1689" count="0" type="cond" truecount="0" falsecount="2"/>
        <line num="1690" count="0" type="cond" truecount="0" falsecount="2"/>
        <line num="1691" count="0" type="stmt"/>
        <line num="1695" count="2" type="cond" truecount="1" falsecount="1"/>
        <line num="1696" count="0" type="cond" truecount="0" falsecount="2"/>
        <line num="1697" count="0" type="stmt"/>
        <line num="1699" count="4" type="cond" truecount="2" falsecount="0"/>
        <line num="1700" count="2" type="cond" truecount="1" falsecount="1"/>
        <line num="1701" count="2" type="cond" truecount="1" falsecount="1"/>
        <line num="1702" count="2" type="cond" truecount="1" falsecount="1"/>
        <line num="1703" count="2" type="cond" truecount="1" falsecount="1"/>
        <line num="1704" count="0" type="stmt"/>
        <line num="1706" count="2" type="cond" truecount="1" falsecount="1"/>
        <line num="1707" count="2" type="cond" truecount="1" falsecount="1"/>
        <line num="1708" count="2" type="cond" truecount="1" falsecount="1"/>
        <line num="1709" count="0" type="cond" truecount="0" falsecount="2"/>
        <line num="1710" count="0" type="stmt"/>
        <line num="1712" count="0" type="stmt"/>
        <line num="1716" count="2" type="cond" truecount="3" falsecount="1"/>
        <line num="1720" count="2" type="cond" truecount="1" falsecount="1"/>
        <line num="1721" count="2" type="stmt"/>
        <line num="1723" count="2" type="cond" truecount="2" falsecount="0"/>
        <line num="1725" count="2" type="stmt"/>
        <line num="1726" count="2" type="cond" truecount="1" falsecount="1"/>
        <line num="1727" count="2" type="stmt"/>
        <line num="1729" count="2" type="stmt"/>
        <line num="1730" count="2" type="stmt"/>
        <line num="1738" count="2" type="cond" truecount="2" falsecount="0"/>
        <line num="1740" count="2" type="cond" truecount="2" falsecount="0"/>
        <line num="1742" count="2" type="cond" truecount="1" falsecount="1"/>
        <line num="1744" count="2" type="stmt"/>
        <line num="1746" count="2" type="cond" truecount="1" falsecount="1"/>
        <line num="1747" count="0" type="stmt"/>
        <line num="1748" count="2" type="cond" truecount="1" falsecount="1"/>
        <line num="1749" count="0" type="stmt"/>
        <line num="1751" count="2" type="cond" truecount="3" falsecount="1"/>
        <line num="1752" count="0" type="stmt"/>
        <line num="1755" count="2" type="stmt"/>
        <line num="1762" count="2" type="cond" truecount="3" falsecount="1"/>
        <line num="1763" count="2" type="stmt"/>
        <line num="1765" count="2" type="cond" truecount="1" falsecount="1"/>
        <line num="1766" count="2" type="cond" truecount="1" falsecount="1"/>
        <line num="1767" count="2" type="cond" truecount="1" falsecount="1"/>
        <line num="1768" count="2" type="cond" truecount="1" falsecount="1"/>
        <line num="1770" count="2" type="cond" truecount="1" falsecount="1"/>
        <line num="1771" count="2" type="cond" truecount="1" falsecount="1"/>
        <line num="1772" count="2" type="cond" truecount="1" falsecount="1"/>
        <line num="1774" count="2" type="stmt"/>
        <line num="1785" count="2" type="stmt"/>
        <line num="1797" count="2" type="cond" truecount="3" falsecount="1"/>
        <line num="1798" count="2" type="stmt"/>
        <line num="1799" count="2" type="stmt"/>
        <line num="1801" count="2" type="stmt"/>
        <line num="1802" count="2" type="stmt"/>
        <line num="1803" count="2" type="cond" truecount="1" falsecount="1"/>
        <line num="1804" count="2" type="stmt"/>
        <line num="1805" count="2" type="stmt"/>
        <line num="1810" count="2" type="stmt"/>
        <line num="1812" count="2" type="stmt"/>
        <line num="1831" count="2" type="cond" truecount="1" falsecount="1"/>
        <line num="1832" count="2" type="cond" truecount="3" falsecount="2"/>
        <line num="1833" count="0" type="stmt"/>
        <line num="1845" count="0" type="stmt"/>
        <line num="1849" count="2" type="stmt"/>
        <line num="1852" count="2" type="cond" truecount="1" falsecount="1"/>
        <line num="1853" count="0" type="cond" truecount="0" falsecount="2"/>
        <line num="1854" count="0" type="stmt"/>
        <line num="1862" count="0" type="stmt"/>
        <line num="1867" count="2" type="cond" truecount="3" falsecount="1"/>
        <line num="1868" count="2" type="stmt"/>
        <line num="1871" count="2" type="cond" truecount="1" falsecount="1"/>
        <line num="1872" count="0" type="stmt"/>
        <line num="1875" count="2" type="stmt"/>
        <line num="1890" count="1" type="stmt"/>
        <line num="1908" count="2" type="stmt"/>
        <line num="1912" count="2" type="cond" truecount="1" falsecount="1"/>
        <line num="1914" count="2" type="stmt"/>
        <line num="1916" count="2" type="cond" truecount="1" falsecount="1"/>
        <line num="1917" count="2" type="stmt"/>
        <line num="1923" count="2" type="cond" truecount="3" falsecount="1"/>
        <line num="1924" count="2" type="cond" truecount="2" falsecount="0"/>
        <line num="1925" count="2" type="stmt"/>
        <line num="1931" count="2" type="cond" truecount="1" falsecount="1"/>
        <line num="1932" count="2" type="stmt"/>
        <line num="1939" count="2" type="cond" truecount="1" falsecount="1"/>
        <line num="1941" count="2" type="stmt"/>
        <line num="1949" count="2" type="stmt"/>
        <line num="1950" count="2" type="stmt"/>
        <line num="1956" count="2" type="stmt"/>
        <line num="1957" count="2" type="cond" truecount="1" falsecount="1"/>
        <line num="1958" count="2" type="stmt"/>
        <line num="1961" count="2" type="stmt"/>
        <line num="1963" count="2" type="cond" truecount="1" falsecount="1"/>
        <line num="1965" count="2" type="cond" truecount="1" falsecount="2"/>
        <line num="1969" count="2" type="cond" truecount="3" falsecount="1"/>
        <line num="1970" count="2" type="stmt"/>
        <line num="1975" count="0" type="cond" truecount="0" falsecount="2"/>
        <line num="1976" count="0" type="stmt"/>
        <line num="1977" count="0" type="stmt"/>
        <line num="1979" count="0" type="cond" truecount="0" falsecount="2"/>
        <line num="1980" count="0" type="stmt"/>
        <line num="1982" count="0" type="cond" truecount="0" falsecount="2"/>
        <line num="1983" count="0" type="stmt"/>
        <line num="1985" count="0" type="cond" truecount="0" falsecount="2"/>
        <line num="1986" count="0" type="stmt"/>
        <line num="1989" count="0" type="cond" truecount="0" falsecount="2"/>
        <line num="1990" count="0" type="stmt"/>
        <line num="1999" count="2" type="stmt"/>
        <line num="2001" count="2" type="cond" truecount="1" falsecount="1"/>
        <line num="2002" count="0" type="cond" truecount="0" falsecount="2"/>
        <line num="2003" count="0" type="stmt"/>
        <line num="2007" count="0" type="cond" truecount="0" falsecount="2"/>
        <line num="2008" count="0" type="stmt"/>
        <line num="2016" count="0" type="cond" truecount="0" falsecount="4"/>
        <line num="2017" count="0" type="stmt"/>
        <line num="2021" count="0" type="cond" truecount="0" falsecount="2"/>
        <line num="2022" count="0" type="stmt"/>
        <line num="2031" count="2" type="cond" truecount="1" falsecount="1"/>
        <line num="2032" count="2" type="stmt"/>
        <line num="2033" count="0" type="cond" truecount="0" falsecount="2"/>
        <line num="2035" count="2" type="cond" truecount="2" falsecount="2"/>
        <line num="2036" count="0" type="stmt"/>
        <line num="2037" count="0" type="cond" truecount="0" falsecount="2"/>
        <line num="2038" count="0" type="stmt"/>
        <line num="2046" count="2" type="cond" truecount="2" falsecount="2"/>
        <line num="2047" count="0" type="stmt"/>
        <line num="2048" count="0" type="cond" truecount="0" falsecount="2"/>
        <line num="2049" count="0" type="stmt"/>
        <line num="2057" count="2" type="cond" truecount="2" falsecount="2"/>
        <line num="2058" count="0" type="stmt"/>
        <line num="2059" count="0" type="cond" truecount="0" falsecount="2"/>
        <line num="2060" count="0" type="stmt"/>
        <line num="2068" count="2" type="cond" truecount="1" falsecount="1"/>
        <line num="2072" count="0" type="stmt"/>
        <line num="2075" count="0" type="cond" truecount="0" falsecount="2"/>
        <line num="2076" count="0" type="stmt"/>
        <line num="2084" count="2" type="cond" truecount="1" falsecount="1"/>
        <line num="2088" count="0" type="stmt"/>
        <line num="2089" count="0" type="cond" truecount="0" falsecount="2"/>
        <line num="2090" count="0" type="stmt"/>
        <line num="2098" count="2" type="cond" truecount="1" falsecount="1"/>
        <line num="2099" count="0" type="stmt"/>
        <line num="2100" count="0" type="cond" truecount="0" falsecount="2"/>
        <line num="2101" count="0" type="stmt"/>
        <line num="2109" count="2" type="cond" truecount="3" falsecount="1"/>
        <line num="2110" count="2" type="stmt"/>
        <line num="2111" count="2" type="stmt"/>
        <line num="2113" count="2" type="cond" truecount="1" falsecount="1"/>
        <line num="2115" count="2" type="cond" truecount="1" falsecount="1"/>
        <line num="2118" count="2" type="cond" truecount="3" falsecount="0"/>
        <line num="2121" count="2" type="cond" truecount="1" falsecount="1"/>
        <line num="2124" count="2" type="cond" truecount="1" falsecount="1"/>
        <line num="2128" count="2" type="cond" truecount="2" falsecount="0"/>
        <line num="2129" count="2" type="cond" truecount="1" falsecount="1"/>
        <line num="2130" count="0" type="stmt"/>
        <line num="2133" count="2" type="stmt"/>
        <line num="2134" count="2" type="stmt"/>
        <line num="2139" count="2" type="stmt"/>
        <line num="2140" count="2" type="stmt"/>
        <line num="2141" count="2" type="stmt"/>
        <line num="2144" count="2" type="cond" truecount="1" falsecount="1"/>
        <line num="2145" count="2" type="stmt"/>
        <line num="2154" count="2" type="cond" truecount="1" falsecount="1"/>
        <line num="2155" count="0" type="stmt"/>
        <line num="2156" count="0" type="cond" truecount="0" falsecount="2"/>
        <line num="2157" count="0" type="stmt"/>
        <line num="2165" count="2" type="stmt"/>
        <line num="2169" count="1" type="stmt"/>
        <line num="2170" count="1" type="cond" truecount="1" falsecount="1"/>
        <line num="2174" count="1" type="stmt"/>
        <line num="2176" count="1" type="stmt"/>
        <line num="2177" count="4" type="stmt"/>
        <line num="2178" count="4" type="stmt"/>
        <line num="2180" count="4" type="cond" truecount="1" falsecount="1"/>
        <line num="2181" count="0" type="stmt"/>
        <line num="2182" count="0" type="stmt"/>
        <line num="2183" count="0" type="stmt"/>
        <line num="2185" count="4" type="stmt"/>
        <line num="2188" count="4" type="stmt"/>
        <line num="2191" count="1" type="stmt"/>
        <line num="2192" count="1" type="stmt"/>
        <line num="2196" count="0" type="cond" truecount="0" falsecount="4"/>
        <line num="2197" count="0" type="stmt"/>
        <line num="2200" count="0" type="stmt"/>
        <line num="2201" count="0" type="stmt"/>
        <line num="2202" count="0" type="cond" truecount="0" falsecount="4"/>
        <line num="2203" count="0" type="cond" truecount="0" falsecount="4"/>
        <line num="2204" count="0" type="stmt"/>
        <line num="2207" count="0" type="stmt"/>
        <line num="2208" count="0" type="cond" truecount="0" falsecount="4"/>
        <line num="2209" count="0" type="stmt"/>
        <line num="2210" count="0" type="cond" truecount="0" falsecount="2"/>
        <line num="2211" count="0" type="stmt"/>
        <line num="2212" count="0" type="cond" truecount="0" falsecount="2"/>
        <line num="2215" count="0" type="stmt"/>
        <line num="2216" count="0" type="cond" truecount="0" falsecount="4"/>
        <line num="2217" count="0" type="cond" truecount="0" falsecount="2"/>
        <line num="2218" count="0" type="cond" truecount="0" falsecount="2"/>
        <line num="2219" count="0" type="cond" truecount="0" falsecount="4"/>
        <line num="2220" count="0" type="stmt"/>
        <line num="2222" count="0" type="stmt"/>
        <line num="2225" count="0" type="stmt"/>
        <line num="2226" count="0" type="stmt"/>
        <line num="2227" count="0" type="stmt"/>
        <line num="2228" count="0" type="cond" truecount="0" falsecount="2"/>
        <line num="2229" count="0" type="stmt"/>
        <line num="2230" count="0" type="cond" truecount="0" falsecount="2"/>
        <line num="2231" count="0" type="stmt"/>
        <line num="2232" count="0" type="stmt"/>
        <line num="2234" count="0" type="stmt"/>
        <line num="2235" count="0" type="cond" truecount="0" falsecount="2"/>
        <line num="2237" count="0" type="stmt"/>
        <line num="2238" count="0" type="cond" truecount="0" falsecount="2"/>
        <line num="2240" count="0" type="cond" truecount="0" falsecount="2"/>
        <line num="2241" count="0" type="stmt"/>
        <line num="2242" count="0" type="cond" truecount="0" falsecount="2"/>
        <line num="2244" count="0" type="cond" truecount="0" falsecount="2"/>
        <line num="2245" count="0" type="stmt"/>
        <line num="2248" count="0" type="stmt"/>
        <line num="2252" count="1" type="cond" truecount="3" falsecount="1"/>
        <line num="2253" count="0" type="stmt"/>
        <line num="2256" count="1" type="stmt"/>
        <line num="2257" count="1" type="stmt"/>
        <line num="2258" count="1" type="stmt"/>
        <line num="2259" count="1" type="stmt"/>
        <line num="2261" count="1" type="stmt"/>
      </file>
    </package>
    <package name="app.math-brain.utils">
      <metrics statements="221" coveredstatements="44" conditionals="257" coveredconditionals="43" methods="25" coveredmethods="3"/>
      <file name="formatting.ts" path="/app/app/math-brain/utils/formatting.ts">
        <metrics statements="221" coveredstatements="44" conditionals="257" coveredconditionals="43" methods="25" coveredmethods="3"/>
        <line num="8" count="1" type="stmt"/>
        <line num="14" count="1" type="stmt"/>
        <line num="16" count="1" type="stmt"/>
        <line num="17" count="79" type="cond" truecount="4" falsecount="0"/>
        <line num="18" count="76" type="cond" truecount="2" falsecount="0"/>
        <line num="19" count="1" type="stmt"/>
        <line num="20" count="1" type="cond" truecount="1" falsecount="1"/>
        <line num="22" count="76" type="cond" truecount="4" falsecount="0"/>
        <line num="23" count="23" type="stmt"/>
        <line num="24" count="23" type="stmt"/>
        <line num="25" count="23" type="cond" truecount="4" falsecount="0"/>
        <line num="26" count="1" type="cond" truecount="1" falsecount="1"/>
        <line num="27" count="1" type="stmt"/>
        <line num="28" count="1" type="cond" truecount="1" falsecount="1"/>
        <line num="32" count="53" type="stmt"/>
        <line num="35" count="1" type="stmt"/>
        <line num="36" count="77" type="cond" truecount="2" falsecount="0"/>
        <line num="38" count="25" type="cond" truecount="2" falsecount="0"/>
        <line num="39" count="6" type="cond" truecount="1" falsecount="1"/>
        <line num="40" count="6" type="cond" truecount="1" falsecount="1"/>
        <line num="41" count="6" type="cond" truecount="1" falsecount="1"/>
        <line num="42" count="6" type="stmt"/>
        <line num="43" count="6" type="stmt"/>
        <line num="44" count="6" type="stmt"/>
        <line num="48" count="19" type="stmt"/>
        <line num="51" count="1" type="stmt"/>
        <line num="52" count="30" type="cond" truecount="4" falsecount="0"/>
        <line num="54" count="29" type="cond" truecount="2" falsecount="0"/>
        <line num="55" count="30" type="cond" truecount="4" falsecount="0"/>
        <line num="56" count="18" type="stmt"/>
        <line num="57" count="46" type="stmt"/>
        <line num="58" count="46" type="stmt"/>
        <line num="59" count="46" type="cond" truecount="2" falsecount="0"/>
        <line num="60" count="29" type="cond" truecount="2" falsecount="2"/>
        <line num="61" count="0" type="stmt"/>
        <line num="62" count="0" type="stmt"/>
        <line num="63" count="0" type="stmt"/>
        <line num="64" count="0" type="cond" truecount="0" falsecount="2"/>
        <line num="70" count="12" type="stmt"/>
        <line num="71" count="31" type="stmt"/>
        <line num="72" count="31" type="stmt"/>
        <line num="73" count="31" type="cond" truecount="2" falsecount="0"/>
        <line num="76" count="4" type="cond" truecount="2" falsecount="0"/>
        <line num="77" count="1" type="stmt"/>
        <line num="78" count="1" type="stmt"/>
        <line num="79" count="1" type="cond" truecount="1" falsecount="1"/>
        <line num="82" count="3" type="stmt"/>
        <line num="87" count="1" type="stmt"/>
        <line num="88" count="0" type="cond" truecount="0" falsecount="5"/>
        <line num="90" count="0" type="stmt"/>
        <line num="92" count="0" type="stmt"/>
        <line num="94" count="0" type="stmt"/>
        <line num="97" count="0" type="stmt"/>
        <line num="102" count="0" type="stmt"/>
        <line num="104" count="0" type="cond" truecount="0" falsecount="2"/>
        <line num="105" count="0" type="cond" truecount="0" falsecount="2"/>
        <line num="106" count="0" type="cond" truecount="0" falsecount="2"/>
        <line num="107" count="0" type="stmt"/>
        <line num="111" count="0" type="cond" truecount="0" falsecount="2"/>
        <line num="112" count="0" type="stmt"/>
        <line num="113" count="0" type="stmt"/>
        <line num="114" count="0" type="cond" truecount="0" falsecount="2"/>
        <line num="115" count="0" type="stmt"/>
        <line num="119" count="0" type="cond" truecount="0" falsecount="2"/>
        <line num="120" count="0" type="cond" truecount="0" falsecount="2"/>
        <line num="121" count="0" type="stmt"/>
        <line num="124" count="0" type="cond" truecount="0" falsecount="2"/>
        <line num="125" count="0" type="stmt"/>
        <line num="126" count="0" type="stmt"/>
        <line num="127" count="0" type="cond" truecount="0" falsecount="4"/>
        <line num="128" count="0" type="stmt"/>
        <line num="130" count="0" type="cond" truecount="0" falsecount="4"/>
        <line num="131" count="0" type="stmt"/>
        <line num="133" count="0" type="stmt"/>
        <line num="136" count="0" type="stmt"/>
        <line num="140" count="0" type="stmt"/>
        <line num="142" count="0" type="cond" truecount="0" falsecount="2"/>
        <line num="143" count="0" type="cond" truecount="0" falsecount="2"/>
        <line num="144" count="0" type="cond" truecount="0" falsecount="2"/>
        <line num="145" count="0" type="stmt"/>
        <line num="149" count="0" type="cond" truecount="0" falsecount="2"/>
        <line num="150" count="0" type="stmt"/>
        <line num="151" count="0" type="stmt"/>
        <line num="154" count="0" type="cond" truecount="0" falsecount="2"/>
        <line num="155" count="0" type="stmt"/>
        <line num="158" count="0" type="cond" truecount="0" falsecount="2"/>
        <line num="159" count="0" type="stmt"/>
        <line num="160" count="0" type="cond" truecount="0" falsecount="2"/>
        <line num="161" count="0" type="stmt"/>
        <line num="163" count="0" type="cond" truecount="0" falsecount="2"/>
        <line num="164" count="0" type="stmt"/>
        <line num="168" count="0" type="stmt"/>
        <line num="172" count="0" type="stmt"/>
        <line num="174" count="0" type="cond" truecount="0" falsecount="2"/>
        <line num="175" count="0" type="stmt"/>
        <line num="178" count="0" type="cond" truecount="0" falsecount="4"/>
        <line num="179" count="0" type="stmt"/>
        <line num="180" count="0" type="stmt"/>
        <line num="181" count="0" type="stmt"/>
        <line num="185" count="0" type="cond" truecount="0" falsecount="4"/>
        <line num="186" count="0" type="stmt"/>
        <line num="187" count="0" type="stmt"/>
        <line num="188" count="0" type="stmt"/>
        <line num="192" count="0" type="cond" truecount="0" falsecount="4"/>
        <line num="193" count="0" type="stmt"/>
        <line num="194" count="0" type="stmt"/>
        <line num="195" count="0" type="stmt"/>
        <line num="199" count="0" type="stmt"/>
        <line num="203" count="0" type="cond" truecount="0" falsecount="4"/>
        <line num="205" count="0" type="stmt"/>
        <line num="206" count="0" type="stmt"/>
        <line num="207" count="0" type="stmt"/>
        <line num="209" count="0" type="stmt"/>
        <line num="210" count="0" type="cond" truecount="0" falsecount="2"/>
        <line num="211" count="0" type="cond" truecount="0" falsecount="2"/>
        <line num="212" count="0" type="cond" truecount="0" falsecount="2"/>
        <line num="213" count="0" type="cond" truecount="0" falsecount="2"/>
        <line num="214" count="0" type="cond" truecount="0" falsecount="2"/>
        <line num="216" count="0" type="stmt"/>
        <line num="219" count="0" type="stmt"/>
        <line num="223" count="0" type="cond" truecount="0" falsecount="4"/>
        <line num="225" count="0" type="stmt"/>
        <line num="226" count="0" type="stmt"/>
        <line num="227" count="0" type="stmt"/>
        <line num="229" count="0" type="stmt"/>
        <line num="230" count="0" type="cond" truecount="0" falsecount="2"/>
        <line num="231" count="0" type="cond" truecount="0" falsecount="2"/>
        <line num="232" count="0" type="cond" truecount="0" falsecount="2"/>
        <line num="233" count="0" type="cond" truecount="0" falsecount="2"/>
        <line num="234" count="0" type="cond" truecount="0" falsecount="2"/>
        <line num="236" count="0" type="stmt"/>
        <line num="239" count="0" type="stmt"/>
        <line num="243" count="0" type="cond" truecount="0" falsecount="4"/>
        <line num="245" count="0" type="stmt"/>
        <line num="246" count="0" type="stmt"/>
        <line num="247" count="0" type="stmt"/>
        <line num="249" count="0" type="stmt"/>
        <line num="250" count="0" type="cond" truecount="0" falsecount="2"/>
        <line num="251" count="0" type="cond" truecount="0" falsecount="2"/>
        <line num="252" count="0" type="cond" truecount="0" falsecount="2"/>
        <line num="253" count="0" type="cond" truecount="0" falsecount="2"/>
        <line num="254" count="0" type="cond" truecount="0" falsecount="2"/>
        <line num="256" count="0" type="stmt"/>
        <line num="259" count="0" type="stmt"/>
        <line num="263" count="0" type="cond" truecount="0" falsecount="4"/>
[...]
        <line num="75" count="0" type="cond" truecount="0" falsecount="2"/>
        <line num="77" count="0" type="stmt"/>
        <line num="79" count="82" type="cond" truecount="6" falsecount="0"/>
        <line num="82" count="26" type="cond" truecount="2" falsecount="0"/>
        <line num="83" count="26" type="cond" truecount="2" falsecount="0"/>
        <line num="84" count="26" type="cond" truecount="1" falsecount="2"/>
        <line num="85" count="26" type="cond" truecount="1" falsecount="1"/>
        <line num="86" count="26" type="stmt"/>
        <line num="87" count="26" type="cond" truecount="2" falsecount="2"/>
        <line num="92" count="26" type="cond" truecount="2" falsecount="0"/>
        <line num="93" count="26" type="stmt"/>
        <line num="94" count="26" type="cond" truecount="2" falsecount="0"/>
        <line num="96" count="26" type="cond" truecount="5" falsecount="1"/>
        <line num="97" count="4" type="stmt"/>
        <line num="98" count="9" type="stmt"/>
        <line num="99" count="4" type="stmt"/>
        <line num="100" count="2" type="stmt"/>
        <line num="102" count="7" type="stmt"/>
        <line num="103" count="7" type="cond" truecount="6" falsecount="0"/>
        <line num="104" count="3" type="stmt"/>
        <line num="106" count="4" type="cond" truecount="4" falsecount="0"/>
        <line num="107" count="1" type="cond" truecount="4" falsecount="1"/>
        <line num="108" count="1" type="stmt"/>
        <line num="110" count="0" type="stmt"/>
        <line num="115" count="52" type="cond" truecount="2" falsecount="0"/>
        <line num="116" count="51" type="cond" truecount="2" falsecount="0"/>
        <line num="117" count="34" type="cond" truecount="2" falsecount="0"/>
        <line num="118" count="26" type="stmt"/>
        <line num="122" count="26" type="stmt"/>
        <line num="123" count="26" type="cond" truecount="2" falsecount="0"/>
        <line num="125" count="26" type="cond" truecount="2" falsecount="0"/>
        <line num="127" count="13" type="cond" truecount="2" falsecount="0"/>
        <line num="128" count="4" type="cond" truecount="2" falsecount="0"/>
        <line num="129" count="2" type="cond" truecount="2" falsecount="0"/>
        <line num="130" count="1" type="stmt"/>
        <line num="133" count="13" type="cond" truecount="2" falsecount="0"/>
        <line num="134" count="10" type="cond" truecount="2" falsecount="0"/>
        <line num="135" count="6" type="cond" truecount="2" falsecount="0"/>
        <line num="136" count="4" type="stmt"/>
        <line num="141" count="26" type="stmt"/>
        <line num="142" count="26" type="cond" truecount="2" falsecount="0"/>
        <line num="143" count="24" type="cond" truecount="2" falsecount="0"/>
        <line num="144" count="19" type="cond" truecount="2" falsecount="0"/>
        <line num="145" count="26" type="cond" truecount="1" falsecount="1"/>
        <line num="146" count="26" type="stmt"/>
        <line num="150" count="0" type="cond" truecount="0" falsecount="4"/>
        <line num="151" count="0" type="stmt"/>
        <line num="152" count="0" type="stmt"/>
        <line num="153" count="0" type="cond" truecount="0" falsecount="2"/>
        <line num="154" count="0" type="stmt"/>
        <line num="156" count="0" type="stmt"/>
        <line num="160" count="26" type="stmt"/>
        <line num="161" count="26" type="stmt"/>
        <line num="162" count="26" type="stmt"/>
        <line num="163" count="26" type="stmt"/>
        <line num="164" count="26" type="stmt"/>
        <line num="165" count="26" type="cond" truecount="2" falsecount="0"/>
        <line num="166" count="26" type="stmt"/>
        <line num="169" count="26" type="cond" truecount="4" falsecount="0"/>
        <line num="170" count="26" type="cond" truecount="2" falsecount="0"/>
        <line num="171" count="16" type="stmt"/>
        <line num="172" count="16" type="stmt"/>
        <line num="173" count="16" type="cond" truecount="4" falsecount="0"/>
        <line num="175" count="16" type="cond" truecount="2" falsecount="0"/>
        <line num="176" count="8" type="stmt"/>
        <line num="177" count="8" type="cond" truecount="2" falsecount="0"/>
        <line num="178" count="8" type="cond" truecount="3" falsecount="0"/>
        <line num="180" count="8" type="cond" truecount="4" falsecount="0"/>
        <line num="181" count="2" type="stmt"/>
        <line num="182" count="6" type="cond" truecount="2" falsecount="0"/>
        <line num="183" count="2" type="stmt"/>
        <line num="189" count="26" type="cond" truecount="2" falsecount="3"/>
        <line num="190" count="0" type="stmt"/>
        <line num="193" count="26" type="stmt"/>
        <line num="198" count="0" type="stmt"/>
        <line num="200" count="0" type="stmt"/>
        <line num="201" count="0" type="cond" truecount="0" falsecount="2"/>
        <line num="202" count="0" type="cond" truecount="0" falsecount="2"/>
        <line num="203" count="0" type="stmt"/>
        <line num="205" count="0" type="stmt"/>
        <line num="206" count="0" type="cond" truecount="0" falsecount="2"/>
        <line num="207" count="0" type="cond" truecount="0" falsecount="2"/>
        <line num="208" count="0" type="stmt"/>
        <line num="210" count="0" type="stmt"/>
        <line num="215" count="7" type="stmt"/>
        <line num="216" count="7" type="stmt"/>
        <line num="219" count="7" type="cond" truecount="1" falsecount="1"/>
        <line num="220" count="0" type="stmt"/>
        <line num="221" count="0" type="stmt"/>
        <line num="222" count="0" type="stmt"/>
        <line num="223" count="0" type="cond" truecount="0" falsecount="2"/>
        <line num="224" count="0" type="cond" truecount="0" falsecount="2"/>
        <line num="228" count="7" type="cond" truecount="1" falsecount="1"/>
        <line num="229" count="0" type="stmt"/>
        <line num="230" count="0" type="stmt"/>
        <line num="231" count="0" type="cond" truecount="0" falsecount="5"/>
        <line num="235" count="7" type="cond" truecount="1" falsecount="1"/>
        <line num="236" count="0" type="stmt"/>
        <line num="237" count="0" type="stmt"/>
        <line num="238" count="0" type="stmt"/>
        <line num="239" count="0" type="cond" truecount="0" falsecount="4"/>
        <line num="241" count="0" type="cond" truecount="0" falsecount="5"/>
        <line num="246" count="17" type="cond" truecount="5" falsecount="0"/>
        <line num="249" count="7" type="stmt"/>
        <line num="250" count="26" type="cond" truecount="1" falsecount="1"/>
        <line num="251" count="26" type="cond" truecount="2" falsecount="0"/>
        <line num="252" count="26" type="stmt"/>
        <line num="253" count="26" type="stmt"/>
        <line num="256" count="7" type="stmt"/>
        <line num="257" count="7" type="cond" truecount="2" falsecount="0"/>
        <line num="258" count="22" type="stmt"/>
        <line num="259" count="22" type="stmt"/>
        <line num="260" count="4" type="stmt"/>
        <line num="261" count="4" type="stmt"/>
        <line num="264" count="7" type="stmt"/>
        <line num="270" count="0" type="stmt"/>
        <line num="271" count="0" type="stmt"/>
        <line num="273" count="0" type="cond" truecount="0" falsecount="5"/>
        <line num="275" count="0" type="cond" truecount="0" falsecount="2"/>
        <line num="276" count="0" type="stmt"/>
        <line num="284" count="0" type="stmt"/>
        <line num="287" count="0" type="stmt"/>
        <line num="288" count="0" type="stmt"/>
        <line num="291" count="0" type="stmt"/>
        <line num="296" count="0" type="cond" truecount="0" falsecount="2"/>
        <line num="298" count="0" type="stmt"/>
        <line num="299" count="0" type="stmt"/>
        <line num="300" count="0" type="cond" truecount="0" falsecount="2"/>
        <line num="303" count="0" type="stmt"/>
        <line num="304" count="0" type="cond" truecount="0" falsecount="2"/>
        <line num="306" count="0" type="stmt"/>
        <line num="307" count="0" type="stmt"/>
        <line num="308" count="0" type="cond" truecount="0" falsecount="2"/>
        <line num="312" count="0" type="stmt"/>
        <line num="313" count="0" type="stmt"/>
        <line num="316" count="0" type="stmt"/>
        <line num="317" count="0" type="stmt"/>
        <line num="321" count="0" type="cond" truecount="0" falsecount="2"/>
        <line num="324" count="0" type="stmt"/>
        <line num="327" count="0" type="cond" truecount="0" falsecount="2"/>
        <line num="328" count="0" type="stmt"/>
        <line num="336" count="0" type="stmt"/>
        <line num="350" count="0" type="stmt"/>
        <line num="355" count="0" type="cond" truecount="0" falsecount="2"/>
        <line num="357" count="0" type="cond" truecount="0" falsecount="2"/>
        <line num="358" count="0" type="stmt"/>
        <line num="360" count="0" type="cond" truecount="0" falsecount="2"/>
        <line num="362" count="0" type="stmt"/>
        <line num="365" count="0" type="stmt"/>
        <line num="371" count="7" type="cond" truecount="2" falsecount="0"/>
        <line num="374" count="7" type="cond" truecount="1" falsecount="1"/>
        <line num="375" count="0" type="stmt"/>
        <line num="380" count="0" type="stmt"/>
        <line num="389" count="7" type="cond" truecount="3" falsecount="1"/>
        <line num="390" count="0" type="cond" truecount="0" falsecount="2"/>
        <line num="391" count="0" type="stmt"/>
        <line num="396" count="0" type="stmt"/>
        <line num="423" count="7" type="stmt"/>
        <line num="425" count="26" type="stmt"/>
        <line num="431" count="7" type="cond" truecount="1" falsecount="1"/>
        <line num="432" count="0" type="stmt"/>
        <line num="440" count="0" type="stmt"/>
        <line num="444" count="0" type="stmt"/>
        <line num="445" count="0" type="stmt"/>
        <line num="446" count="0" type="stmt"/>
        <line num="449" count="0" type="stmt"/>
        <line num="450" count="0" type="stmt"/>
        <line num="451" count="0" type="stmt"/>
        <line num="458" count="7" type="stmt"/>
        <line num="459" count="26" type="stmt"/>
        <line num="460" count="26" type="stmt"/>
        <line num="468" count="26" type="cond" truecount="2" falsecount="2"/>
        <line num="469" count="0" type="stmt"/>
        <line num="478" count="7" type="cond" truecount="1" falsecount="1"/>
        <line num="479" count="0" type="stmt"/>
        <line num="480" count="0" type="cond" truecount="0" falsecount="2"/>
        <line num="481" count="0" type="stmt"/>
        <line num="485" count="0" type="stmt"/>
        <line num="495" count="7" type="stmt"/>
        <line num="496" count="26" type="cond" truecount="4" falsecount="0"/>
        <line num="497" count="26" type="stmt"/>
        <line num="498" count="26" type="cond" truecount="3" falsecount="0"/>
        <line num="501" count="7" type="stmt"/>
        <line num="502" count="26" type="cond" truecount="4" falsecount="0"/>
        <line num="503" count="26" type="cond" truecount="2" falsecount="0"/>
        <line num="504" count="26" type="cond" truecount="3" falsecount="0"/>
        <line num="507" count="7" type="cond" truecount="2" falsecount="0"/>
        <line num="509" count="7" type="stmt"/>
        <line num="510" count="7" type="stmt"/>
        <line num="511" count="7" type="stmt"/>
        <line num="512" count="26" type="cond" truecount="2" falsecount="0"/>
        <line num="513" count="16" type="stmt"/>
        <line num="516" count="7" type="cond" truecount="2" falsecount="0"/>
        <line num="517" count="2" type="stmt"/>
        <line num="518" count="2" type="cond" truecount="1" falsecount="1"/>
        <line num="519" count="0" type="stmt"/>
        <line num="520" count="0" type="stmt"/>
        <line num="521" count="0" type="cond" truecount="0" falsecount="2"/>
        <line num="527" count="7" type="cond" truecount="1" falsecount="1"/>
        <line num="528" count="26" type="stmt"/>
        <line num="529" count="26" type="stmt"/>
        <line num="531" count="7" type="stmt"/>
        <line num="532" count="7" type="cond" truecount="1" falsecount="1"/>
        <line num="535" count="7" type="cond" truecount="1" falsecount="1"/>
        <line num="547" count="7" type="stmt"/>
        <line num="548" count="7" type="cond" truecount="2" falsecount="0"/>
        <line num="550" count="7" type="stmt"/>
        <line num="551" count="7" type="stmt"/>
        <line num="555" count="7" type="cond" truecount="2" falsecount="3"/>
        <line num="557" count="0" type="stmt"/>
        <line num="559" count="0" type="stmt"/>
        <line num="560" count="0" type="stmt"/>
        <line num="563" count="7" type="stmt"/>
        <line num="564" count="7" type="stmt"/>
        <line num="568" count="7" type="cond" truecount="1" falsecount="1"/>
        <line num="569" count="0" type="stmt"/>
        <line num="585" count="7" type="stmt"/>
        <line num="586" count="7" type="stmt"/>
        <line num="589" count="7" type="stmt"/>
        <line num="590" count="7" type="stmt"/>
        <line num="591" count="7" type="stmt"/>
        <line num="592" count="7" type="stmt"/>
        <line num="595" count="7" type="cond" truecount="1" falsecount="1"/>
        <line num="596" count="0" type="stmt"/>
        <line num="621" count="7" type="stmt"/>
        <line num="623" count="7" type="stmt"/>
        <line num="624" count="7" type="stmt"/>
        <line num="630" count="7" type="stmt"/>
        <line num="648" count="7" type="stmt"/>
        <line num="649" count="7" type="stmt"/>
        <line num="650" count="7" type="stmt"/>
        <line num="652" count="7" type="cond" truecount="1" falsecount="1"/>
        <line num="653" count="7" type="cond" truecount="1" falsecount="1"/>
        <line num="654" count="7" type="cond" truecount="1" falsecount="1"/>
        <line num="657" count="7" type="cond" truecount="1" falsecount="1"/>
        <line num="659" count="7" type="stmt"/>
        <line num="660" count="7" type="cond" truecount="2" falsecount="0"/>
        <line num="661" count="7" type="cond" truecount="1" falsecount="1"/>
        <line num="665" count="7" type="stmt"/>
        <line num="727" count="7" type="cond" truecount="1" falsecount="1"/>
        <line num="728" count="0" type="stmt"/>
        <line num="729" count="0" type="cond" truecount="0" falsecount="4"/>
        <line num="730" count="0" type="stmt"/>
        <line num="732" count="0" type="cond" truecount="0" falsecount="4"/>
        <line num="733" count="0" type="stmt"/>
        <line num="736" count="0" type="stmt"/>
        <line num="743" count="0" type="stmt"/>
        <line num="760" count="7" type="stmt"/>
        <line num="766" count="7" type="stmt"/>
        <line num="769" count="3" type="stmt"/>
      </file>
    </package>
    <package name="src.validation">
      <metrics statements="79" coveredstatements="11" conditionals="71" coveredconditionals="11" methods="11" coveredmethods="2"/>
      <file name="lexical-guard.ts" path="/app/src/validation/lexical-guard.ts">
        <metrics statements="79" coveredstatements="11" conditionals="71" coveredconditionals="11" methods="11" coveredmethods="2"/>
        <line num="31" count="2" type="stmt"/>
        <line num="56" count="2" type="stmt"/>
        <line num="81" count="2" type="stmt"/>
        <line num="112" count="0" type="cond" truecount="0" falsecount="4"/>
        <line num="113" count="0" type="stmt"/>
        <line num="116" count="0" type="stmt"/>
        <line num="117" count="0" type="stmt"/>
        <line num="118" count="0" type="stmt"/>
        <line num="121" count="0" type="cond" truecount="0" falsecount="2"/>
        <line num="122" count="0" type="stmt"/>
        <line num="123" count="0" type="cond" truecount="0" falsecount="4"/>
        <line num="124" count="0" type="stmt"/>
        <line num="137" count="0" type="cond" truecount="0" falsecount="2"/>
        <line num="138" count="0" type="stmt"/>
        <line num="139" count="0" type="cond" truecount="0" falsecount="4"/>
        <line num="140" count="0" type="stmt"/>
        <line num="152" count="0" type="stmt"/>
        <line num="165" count="0" type="stmt"/>
        <line num="168" count="0" type="cond" truecount="0" falsecount="4"/>
        <line num="169" count="0" type="cond" truecount="0" falsecount="2"/>
        <line num="170" count="0" type="stmt"/>
        <line num="171" count="0" type="stmt"/>
        <line num="175" count="0" type="cond" truecount="0" falsecount="4"/>
        <line num="176" count="0" type="cond" truecount="0" falsecount="2"/>
        <line num="177" count="0" type="stmt"/>
        <line num="178" count="0" type="stmt"/>
        <line num="182" count="0" type="cond" truecount="0" falsecount="2"/>
        <line num="183" count="0" type="stmt"/>
        <line num="184" count="0" type="cond" truecount="0" falsecount="4"/>
        <line num="185" count="0" type="cond" truecount="0" falsecount="2"/>
        <line num="186" count="0" type="stmt"/>
        <line num="187" count="0" type="stmt"/>
        <line num="191" count="0" type="stmt"/>
        <line num="204" count="13" type="stmt"/>
        <line num="207" count="13" type="cond" truecount="1" falsecount="1"/>
        <line num="208" count="0" type="stmt"/>
        <line num="209" count="0" type="stmt"/>
        <line num="213" count="13" type="cond" truecount="4" falsecount="0"/>
        <line num="214" count="7" type="cond" truecount="2" falsecount="0"/>
        <line num="215" count="7" type="cond" truecount="1" falsecount="1"/>
        <line num="216" count="7" type="stmt"/>
        <line num="217" count="9" type="cond" truecount="3" falsecount="1"/>
        <line num="218" count="0" type="cond" truecount="0" falsecount="2"/>
        <line num="219" count="0" type="stmt"/>
        <line num="220" count="0" type="stmt"/>
        <line num="221" count="0" type="stmt"/>
        <line num="223" count="0" type="stmt"/>
        <line num="229" count="13" type="stmt"/>
        <line num="240" count="0" type="stmt"/>
        <line num="242" count="0" type="stmt"/>
        <line num="243" count="0" type="stmt"/>
        <line num="245" count="0" type="cond" truecount="0" falsecount="2"/>
        <line num="246" count="0" type="stmt"/>
        <line num="247" count="0" type="stmt"/>
        <line num="249" count="0" type="stmt"/>
        <line num="250" count="0" type="stmt"/>
        <line num="252" count="0" type="stmt"/>
        <line num="253" count="0" type="cond" truecount="0" falsecount="2"/>
        <line num="254" count="0" type="stmt"/>
        <line num="255" count="0" type="stmt"/>
        <line num="256" count="0" type="stmt"/>
        <line num="257" count="0" type="stmt"/>
        <line num="260" count="0" type="stmt"/>
        <line num="261" count="0" type="stmt"/>
        <line num="262" count="0" type="stmt"/>
        <line num="263" count="0" type="stmt"/>
        <line num="266" count="0" type="stmt"/>
        <line num="274" count="0" type="stmt"/>
        <line num="275" count="0" type="cond" truecount="0" falsecount="2"/>
        <line num="276" count="0" type="stmt"/>
        <line num="277" count="0" type="stmt"/>
        <line num="285" count="0" type="stmt"/>
        <line num="288" count="0" type="cond" truecount="0" falsecount="4"/>
        <line num="289" count="0" type="stmt"/>
        <line num="297" count="0" type="cond" truecount="0" falsecount="2"/>
        <line num="301" count="0" type="cond" truecount="0" falsecount="4"/>
        <line num="302" count="0" type="stmt"/>
        <line num="310" count="0" type="cond" truecount="0" falsecount="2"/>
        <line num="313" count="0" type="stmt"/>
      </file>
    </package>
  </project>
</coverage>
